#
# There is insufficient memory for the Java Runtime Environment to continue.
# Native memory allocation (mmap) failed to map 285212672 bytes for G1 virtual space
# Possible reasons:
#   The system is out of physical RAM or swap space
#   The process is running with CompressedOops enabled, and the Java Heap may be blocking the growth of the native heap
# Possible solutions:
#   Reduce memory load on the system
#   Increase physical memory or swap space
#   Check if swap backing store is full
#   Decrease Java heap size (-Xmx/-Xms)
#   Decrease number of Java threads
#   Decrease Java thread stack sizes (-Xss)
#   Set larger code cache with -XX:ReservedCodeCacheSize=
#   JVM is running with Unscaled Compressed Oops mode in which the Java heap is
#     placed in the first 4GB address space. The Java Heap base address is the
#     maximum limit for the native heap growth. Please use -XX:HeapBaseMinAddress
#     to set the Java Heap base and to place the Java Heap above 4GB virtual address.
# This output file may be truncated or incomplete.
#
#  Out of Memory Error (os_windows.cpp:3559), pid=11164, tid=19152
#
# JRE version: OpenJDK Runtime Environment Temurin-17.0.7+7 (17.0.7+7) (build 17.0.7+7)
# Java VM: OpenJDK 64-Bit Server VM Temurin-17.0.7+7 (17.0.7+7, mixed mode, emulated-client, tiered, compressed oops, compressed class ptrs, g1 gc, windows-amd64)
# No core dump will be written. Minidumps are not enabled by default on client versions of Windows
#

---------------  S U M M A R Y ------------

Command Line: -XX:+HeapDumpOnOutOfMemoryError -Xmx1024m -Dsts.lsp.client=vscode -Dsts.log.file=/dev/null -XX:TieredStopAtLevel=1 -Xlog:jni+resolve=off -Dspring.config.location=file:c:\Users\Diego G\.vscode\extensions\vmware.vscode-spring-boot-1.46.0\language-server\BOOT-INF\classes\application.properties org.springframework.ide.vscode.boot.app.BootLanguageServerBootApp

Host: Intel(R) Core(TM) i5-9300H CPU @ 2.40GHz, 8 cores, 7G,  Windows 11 , 64 bit Build 22621 (10.0.22621.1635)
Time: Sun Jun  4 23:39:36 2023 Hora est. Pacífico, Sudamérica elapsed time: 7.503663 seconds (0d 0h 0m 7s)

---------------  T H R E A D  ---------------

Current thread (0x0000017fb49e4ba0):  VMThread "VM Thread" [stack: 0x0000004702500000,0x0000004702600000] [id=19152]

Stack: [0x0000004702500000,0x0000004702600000]
Native frames: (J=compiled Java code, j=interpreted, Vv=VM code, C=native code)
V  [jvm.dll+0x67754a]
V  [jvm.dll+0x834304]
V  [jvm.dll+0x835aae]
V  [jvm.dll+0x836113]
V  [jvm.dll+0x24696f]
V  [jvm.dll+0x6743f9]
V  [jvm.dll+0x668c8a]
V  [jvm.dll+0x3061bb]
V  [jvm.dll+0x30d6a6]
V  [jvm.dll+0x35cece]
V  [jvm.dll+0x35d0ff]
V  [jvm.dll+0x2dd048]
V  [jvm.dll+0x2db20c]
V  [jvm.dll+0x2da7dc]
V  [jvm.dll+0x31e6db]
V  [jvm.dll+0x83a5bb]
V  [jvm.dll+0x83b2f4]
V  [jvm.dll+0x83b80c]
V  [jvm.dll+0x83bbe4]
V  [jvm.dll+0x83bcb0]
V  [jvm.dll+0x7e4e7a]
V  [jvm.dll+0x676395]
C  [ucrtbase.dll+0x29363]
C  [KERNEL32.DLL+0x126ad]
C  [ntdll.dll+0x5a9f8]

VM_Operation (0x00000047054f9e60): G1CollectForAllocation, mode: safepoint, requested by thread 0x0000017fba44eaa0


---------------  P R O C E S S  ---------------

Threads class SMR info:
_java_thread_list=0x0000017fbb0f9120, length=40, elements={
0x0000017fb49fd380, 0x0000017fb49fde40, 0x0000017fb4b7b8b0, 0x0000017fb4b7c370,
0x0000017fb4b7ec40, 0x0000017fb4b7f500, 0x0000017fb4b910c0, 0x0000017fb4b919c0,
0x0000017fb4d73990, 0x0000017fb4d86900, 0x0000017fb4d92e30, 0x0000017fba1fd770,
0x0000017fb9640030, 0x0000017fb95d8040, 0x0000017fb95d8510, 0x0000017fa9c31740,
0x0000017fb96579d0, 0x0000017fba2129e0, 0x0000017fb92b44f0, 0x0000017fb92a8ae0,
0x0000017fba115570, 0x0000017fba112a20, 0x0000017fba114bd0, 0x0000017fba1150a0,
0x0000017fba112ef0, 0x0000017fba114700, 0x0000017fba113890, 0x0000017fba112080,
0x0000017fba1133c0, 0x0000017fba113d60, 0x0000017fba115a40, 0x0000017fba112550,
0x0000017fba114230, 0x0000017fba44e100, 0x0000017fba44ef70, 0x0000017fba44b5b0,
0x0000017fba44d290, 0x0000017fba44fde0, 0x0000017fba44eaa0, 0x0000017fba44f910
}

Java Threads: ( => current thread )
  0x0000017fb49fd380 JavaThread "Reference Handler" daemon [_thread_blocked, id=14268, stack(0x0000004702600000,0x0000004702700000)]
  0x0000017fb49fde40 JavaThread "Finalizer" daemon [_thread_blocked, id=7312, stack(0x0000004702700000,0x0000004702800000)]
  0x0000017fb4b7b8b0 JavaThread "Signal Dispatcher" daemon [_thread_blocked, id=16820, stack(0x0000004702800000,0x0000004702900000)]
  0x0000017fb4b7c370 JavaThread "Attach Listener" daemon [_thread_blocked, id=14664, stack(0x0000004702900000,0x0000004702a00000)]
  0x0000017fb4b7ec40 JavaThread "Service Thread" daemon [_thread_blocked, id=12100, stack(0x0000004702a00000,0x0000004702b00000)]
  0x0000017fb4b7f500 JavaThread "Monitor Deflation Thread" daemon [_thread_blocked, id=18612, stack(0x0000004702b00000,0x0000004702c00000)]
  0x0000017fb4b910c0 JavaThread "C1 CompilerThread0" daemon [_thread_blocked, id=15192, stack(0x0000004702c00000,0x0000004702d00000)]
  0x0000017fb4b919c0 JavaThread "Sweeper thread" daemon [_thread_blocked, id=21328, stack(0x0000004702d00000,0x0000004702e00000)]
  0x0000017fb4d73990 JavaThread "C1 CompilerThread1" daemon [_thread_blocked, id=4124, stack(0x0000004702e00000,0x0000004702f00000)]
  0x0000017fb4d86900 JavaThread "Notification Thread" daemon [_thread_blocked, id=9928, stack(0x0000004702f00000,0x0000004703000000)]
  0x0000017fb4d92e30 JavaThread "Common-Cleaner" daemon [_thread_blocked, id=10760, stack(0x0000004703100000,0x0000004703200000)]
  0x0000017fba1fd770 JavaThread "boundedElastic-evictor-1" daemon [_thread_blocked, id=12484, stack(0x0000004703600000,0x0000004703700000)]
  0x0000017fb9640030 JavaThread "boundedElastic-evictor-2" daemon [_thread_blocked, id=2432, stack(0x0000004703b00000,0x0000004703c00000)]
  0x0000017fb95d8040 JavaThread "pool-10-thread-1" [_thread_blocked, id=18680, stack(0x0000004703c00000,0x0000004703d00000)]
  0x0000017fb95d8510 JavaThread "LanguageServerApp-lifecycle" [_thread_blocked, id=2760, stack(0x0000004703d00000,0x0000004703e00000)]
  0x0000017fa9c31740 JavaThread "DestroyJavaVM" [_thread_blocked, id=21004, stack(0x0000004701f00000,0x0000004702000000)]
  0x0000017fb96579d0 JavaThread "pool-11-thread-1" [_thread_blocked, id=5920, stack(0x0000004703e00000,0x0000004703f00000)]
  0x0000017fba2129e0 JavaThread "Simple-Language-Server main thread" daemon [_thread_blocked, id=8724, stack(0x0000004703f00000,0x0000004704000000)]
  0x0000017fb92b44f0 JavaThread "pool-2-thread-1" [_thread_blocked, id=13204, stack(0x0000004704000000,0x0000004704100000)]
  0x0000017fb92a8ae0 JavaThread "pool-2-thread-2" [_thread_blocked, id=15464, stack(0x0000004704100000,0x0000004704200000)]
  0x0000017fba115570 JavaThread "pool-2-thread-3" [_thread_blocked, id=10868, stack(0x0000004704200000,0x0000004704300000)]
  0x0000017fba112a20 JavaThread "pool-6-thread-1" [_thread_blocked, id=18992, stack(0x0000004704300000,0x0000004704400000)]
  0x0000017fba114bd0 JavaThread "ForkJoinPool.commonPool-worker-1" daemon [_thread_blocked, id=15260, stack(0x0000004704400000,0x0000004704500000)]
  0x0000017fba1150a0 JavaThread "ClassGraph-worker-0" daemon [_thread_blocked, id=21368, stack(0x0000004704500000,0x0000004704600000)]
  0x0000017fba112ef0 JavaThread "ClassGraph-worker-1" daemon [_thread_blocked, id=11576, stack(0x0000004704600000,0x0000004704700000)]
  0x0000017fba114700 JavaThread "ClassGraph-worker-2" daemon [_thread_blocked, id=9944, stack(0x0000004704700000,0x0000004704800000)]
  0x0000017fba113890 JavaThread "ClassGraph-worker-3" daemon [_thread_blocked, id=17660, stack(0x0000004704800000,0x0000004704900000)]
  0x0000017fba112080 JavaThread "ClassGraph-worker-4" daemon [_thread_blocked, id=9912, stack(0x0000004704900000,0x0000004704a00000)]
  0x0000017fba1133c0 JavaThread "ClassGraph-worker-5" daemon [_thread_blocked, id=14016, stack(0x0000004704a00000,0x0000004704b00000)]
  0x0000017fba113d60 JavaThread "ClassGraph-worker-6" daemon [_thread_blocked, id=6140, stack(0x0000004704b00000,0x0000004704c00000)]
  0x0000017fba115a40 JavaThread "ClassGraph-worker-7" daemon [_thread_blocked, id=16744, stack(0x0000004704c00000,0x0000004704d00000)]
  0x0000017fba112550 JavaThread "ClassGraph-worker-8" daemon [_thread_blocked, id=10300, stack(0x0000004704d00000,0x0000004704e00000)]
  0x0000017fba114230 JavaThread "ClassGraph-worker-9" daemon [_thread_blocked, id=13320, stack(0x0000004704e00000,0x0000004704f00000)]
  0x0000017fba44e100 JavaThread "ClassGraph-worker-10" daemon [_thread_blocked, id=11832, stack(0x0000004704f00000,0x0000004705000000)]
  0x0000017fba44ef70 JavaThread "ClassGraph-worker-11" daemon [_thread_blocked, id=3400, stack(0x0000004705000000,0x0000004705100000)]
  0x0000017fba44b5b0 JavaThread "ClassGraph-worker-12" daemon [_thread_blocked, id=16580, stack(0x0000004705100000,0x0000004705200000)]
  0x0000017fba44d290 JavaThread "ClassGraph-worker-13" daemon [_thread_blocked, id=11624, stack(0x0000004705200000,0x0000004705300000)]
  0x0000017fba44fde0 JavaThread "parallel-1" daemon [_thread_blocked, id=11672, stack(0x0000004705300000,0x0000004705400000)]
  0x0000017fba44eaa0 JavaThread "pool-4-thread-1" [_thread_blocked, id=4936, stack(0x0000004705400000,0x0000004705500000)]
  0x0000017fba44f910 JavaThread "parallel-2" daemon [_thread_blocked, id=11416, stack(0x0000004705700000,0x0000004705800000)]

Other Threads:
=>0x0000017fb49e4ba0 VMThread "VM Thread" [stack: 0x0000004702500000,0x0000004702600000] [id=19152]
  0x0000017fb4d86dd0 WatcherThread [stack: 0x0000004703000000,0x0000004703100000] [id=14032]
  0x0000017fa9c706d0 GCTaskThread "GC Thread#0" [stack: 0x0000004702000000,0x0000004702100000] [id=7788]
  0x0000017fb97c0020 GCTaskThread "GC Thread#1" [stack: 0x0000004703200000,0x0000004703300000] [id=3100]
  0x0000017fb97c02d0 GCTaskThread "GC Thread#2" [stack: 0x0000004703300000,0x0000004703400000] [id=10684]
  0x0000017fb97dc950 GCTaskThread "GC Thread#3" [stack: 0x0000004703400000,0x0000004703500000] [id=20772]
  0x0000017fb97dcc00 GCTaskThread "GC Thread#4" [stack: 0x0000004703500000,0x0000004703600000] [id=6592]
  0x0000017fb9b8d0e0 GCTaskThread "GC Thread#5" [stack: 0x0000004703700000,0x0000004703800000] [id=18184]
  0x0000017fb9bbdc70 GCTaskThread "GC Thread#6" [stack: 0x0000004703800000,0x0000004703900000] [id=3424]
  0x0000017fb9bbdf20 GCTaskThread "GC Thread#7" [stack: 0x0000004703900000,0x0000004703a00000] [id=10096]
  0x0000017fa9c7a530 ConcurrentGCThread "G1 Main Marker" [stack: 0x0000004702100000,0x0000004702200000] [id=10912]
  0x0000017fa9c7ae50 ConcurrentGCThread "G1 Conc#0" [stack: 0x0000004702200000,0x0000004702300000] [id=19288]
  0x0000017fb9d5cc80 ConcurrentGCThread "G1 Conc#1" [stack: 0x0000004703a00000,0x0000004703b00000] [id=4324]
  0x0000017fa9ce1090 ConcurrentGCThread "G1 Refine#0" [stack: 0x0000004702300000,0x0000004702400000] [id=20016]
  0x0000017fbb0879c0 ConcurrentGCThread "G1 Refine#1" [stack: 0x0000004705500000,0x0000004705600000] [id=10280]
  0x0000017fbb0144e0 ConcurrentGCThread "G1 Refine#2" [stack: 0x0000004705600000,0x0000004705700000] [id=9340]
  0x0000017fa9ce19c0 ConcurrentGCThread "G1 Service" [stack: 0x0000004702400000,0x0000004702500000] [id=17108]

Threads with active compile tasks:

VM state: at safepoint (normal execution)

VM Mutex/Monitor currently owned by a thread:  ([mutex/lock_event])
[0x0000017fa7a2e350] Threads_lock - owner thread: 0x0000017fb49e4ba0
[0x0000017fa9c2f5a0] Heap_lock - owner thread: 0x0000017fba44eaa0

Heap address: 0x00000000c0000000, size: 1024 MB, Compressed Oops mode: 32-bit

CDS archive(s) not mapped
Compressed class space mapped at: 0x0000000100000000-0x0000000140000000, reserved size: 1073741824
Narrow klass base: 0x0000000000000000, Narrow klass shift: 3, Narrow klass range: 0x140000000

GC Precious Log:
 CPUs: 8 total, 8 available
 Memory: 8033M
 Large Page Support: Disabled
 NUMA Support: Disabled
 Compressed Oops: Enabled (32-bit)
 Heap Region Size: 1M
 Heap Min Capacity: 8M
 Heap Initial Capacity: 126M
 Heap Max Capacity: 1G
 Pre-touch: Disabled
 Parallel Workers: 8
 Concurrent Workers: 2
 Concurrent Refinement Workers: 8
 Periodic GC: Disabled

Heap:
 garbage-first heap   total 162816K, used 77559K [0x00000000c0000000, 0x0000000100000000)
  region size 1024K, 4 young (4096K), 4 survivors (4096K)
 Metaspace       used 40147K, committed 40576K, reserved 1114112K
  class space    used 5152K, committed 5376K, reserved 1048576K

Heap Regions: E=young(eden), S=young(survivor), O=old, HS=humongous(starts), HC=humongous(continues), CS=collection set, F=free, OA=open archive, CA=closed archive, TAMS=top-at-mark-start (previous, next)
|   0|0x00000000c0000000, 0x00000000c0100000, 0x00000000c0100000|100%| O|  |TAMS 0x00000000c0100000, 0x00000000c0100000| Untracked 
|   1|0x00000000c0100000, 0x00000000c0200000, 0x00000000c0200000|100%| O|  |TAMS 0x00000000c0200000, 0x00000000c0200000| Untracked 
|   2|0x00000000c0200000, 0x00000000c0300000, 0x00000000c0300000|100%| O|  |TAMS 0x00000000c0300000, 0x00000000c0300000| Untracked 
|   3|0x00000000c0300000, 0x00000000c0400000, 0x00000000c0400000|100%| O|  |TAMS 0x00000000c0400000, 0x00000000c0400000| Untracked 
|   4|0x00000000c0400000, 0x00000000c0500000, 0x00000000c0500000|100%| O|  |TAMS 0x00000000c0500000, 0x00000000c0500000| Untracked 
|   5|0x00000000c0500000, 0x00000000c0600000, 0x00000000c0600000|100%| O|  |TAMS 0x00000000c0600000, 0x00000000c0600000| Untracked 
|   6|0x00000000c0600000, 0x00000000c0700000, 0x00000000c0700000|100%| O|  |TAMS 0x00000000c0700000, 0x00000000c0700000| Untracked 
|   7|0x00000000c0700000, 0x00000000c0800000, 0x00000000c0800000|100%| O|  |TAMS 0x00000000c0700000, 0x00000000c0800000| Untracked 
|   8|0x00000000c0800000, 0x00000000c0900000, 0x00000000c0900000|100%| O|  |TAMS 0x00000000c0900000, 0x00000000c0900000| Untracked 
|   9|0x00000000c0900000, 0x00000000c0a00000, 0x00000000c0a00000|100%| O|  |TAMS 0x00000000c0a00000, 0x00000000c0a00000| Untracked 
|  10|0x00000000c0a00000, 0x00000000c0b00000, 0x00000000c0b00000|100%| O|  |TAMS 0x00000000c0b00000, 0x00000000c0b00000| Untracked 
|  11|0x00000000c0b00000, 0x00000000c0c00000, 0x00000000c0c00000|100%| O|  |TAMS 0x00000000c0c00000, 0x00000000c0c00000| Untracked 
|  12|0x00000000c0c00000, 0x00000000c0d00000, 0x00000000c0d00000|100%| O|  |TAMS 0x00000000c0d00000, 0x00000000c0d00000| Untracked 
|  13|0x00000000c0d00000, 0x00000000c0e00000, 0x00000000c0e00000|100%|HS|  |TAMS 0x00000000c0d00000, 0x00000000c0e00000| Complete 
|  14|0x00000000c0e00000, 0x00000000c0f00000, 0x00000000c0f00000|100%| O|  |TAMS 0x00000000c0f00000, 0x00000000c0f00000| Untracked 
|  15|0x00000000c0f00000, 0x00000000c1000000, 0x00000000c1000000|100%| O|  |TAMS 0x00000000c1000000, 0x00000000c1000000| Untracked 
|  16|0x00000000c1000000, 0x00000000c1100000, 0x00000000c1100000|100%| O|  |TAMS 0x00000000c1100000, 0x00000000c1100000| Untracked 
|  17|0x00000000c1100000, 0x00000000c1200000, 0x00000000c1200000|100%| O|  |TAMS 0x00000000c1200000, 0x00000000c1200000| Untracked 
|  18|0x00000000c1200000, 0x00000000c1300000, 0x00000000c1300000|100%| O|  |TAMS 0x00000000c1300000, 0x00000000c1300000| Untracked 
|  19|0x00000000c1300000, 0x00000000c1400000, 0x00000000c1400000|100%| O|  |TAMS 0x00000000c1400000, 0x00000000c1400000| Untracked 
|  20|0x00000000c1400000, 0x00000000c1500000, 0x00000000c1500000|100%| O|  |TAMS 0x00000000c1500000, 0x00000000c1500000| Untracked 
|  21|0x00000000c1500000, 0x00000000c1600000, 0x00000000c1600000|100%| O|  |TAMS 0x00000000c1600000, 0x00000000c1600000| Untracked 
|  22|0x00000000c1600000, 0x00000000c1700000, 0x00000000c1700000|100%| O|  |TAMS 0x00000000c1700000, 0x00000000c1700000| Untracked 
|  23|0x00000000c1700000, 0x00000000c1800000, 0x00000000c1800000|100%| O|  |TAMS 0x00000000c1800000, 0x00000000c1800000| Untracked 
|  24|0x00000000c1800000, 0x00000000c1900000, 0x00000000c1900000|100%| O|  |TAMS 0x00000000c1900000, 0x00000000c1900000| Untracked 
|  25|0x00000000c1900000, 0x00000000c1a00000, 0x00000000c1a00000|100%| O|  |TAMS 0x00000000c1a00000, 0x00000000c1a00000| Untracked 
|  26|0x00000000c1a00000, 0x00000000c1b00000, 0x00000000c1b00000|100%| O|  |TAMS 0x00000000c1b00000, 0x00000000c1b00000| Untracked 
|  27|0x00000000c1b00000, 0x00000000c1c00000, 0x00000000c1c00000|100%| O|  |TAMS 0x00000000c1c00000, 0x00000000c1c00000| Untracked 
|  28|0x00000000c1c00000, 0x00000000c1d00000, 0x00000000c1d00000|100%| O|  |TAMS 0x00000000c1d00000, 0x00000000c1d00000| Untracked 
|  29|0x00000000c1d00000, 0x00000000c1e00000, 0x00000000c1e00000|100%| O|  |TAMS 0x00000000c1e00000, 0x00000000c1e00000| Untracked 
|  30|0x00000000c1e00000, 0x00000000c1f00000, 0x00000000c1f00000|100%| O|  |TAMS 0x00000000c1f00000, 0x00000000c1f00000| Untracked 
|  31|0x00000000c1f00000, 0x00000000c2000000, 0x00000000c2000000|100%| O|  |TAMS 0x00000000c2000000, 0x00000000c2000000| Untracked 
|  32|0x00000000c2000000, 0x00000000c2100000, 0x00000000c2100000|100%| O|  |TAMS 0x00000000c207a000, 0x00000000c2100000| Untracked 
|  33|0x00000000c2100000, 0x00000000c2200000, 0x00000000c2200000|100%| O|  |TAMS 0x00000000c2100000, 0x00000000c2200000| Untracked 
|  34|0x00000000c2200000, 0x00000000c2300000, 0x00000000c2300000|100%|HS|  |TAMS 0x00000000c2200000, 0x00000000c2300000| Complete 
|  35|0x00000000c2300000, 0x00000000c2400000, 0x00000000c2400000|100%|HS|  |TAMS 0x00000000c2300000, 0x00000000c2400000| Complete 
|  36|0x00000000c2400000, 0x00000000c2500000, 0x00000000c2500000|100%| O|  |TAMS 0x00000000c2400000, 0x00000000c2500000| Untracked 
|  37|0x00000000c2500000, 0x00000000c2600000, 0x00000000c2600000|100%| O|  |TAMS 0x00000000c2500000, 0x00000000c2600000| Untracked 
|  38|0x00000000c2600000, 0x00000000c2700000, 0x00000000c2700000|100%| O|  |TAMS 0x00000000c2600000, 0x00000000c2700000| Untracked 
|  39|0x00000000c2700000, 0x00000000c2800000, 0x00000000c2800000|100%| O|  |TAMS 0x00000000c2700000, 0x00000000c2800000| Untracked 
|  40|0x00000000c2800000, 0x00000000c2900000, 0x00000000c2900000|100%| O|  |TAMS 0x00000000c2800000, 0x00000000c2900000| Untracked 
|  41|0x00000000c2900000, 0x00000000c2a00000, 0x00000000c2a00000|100%| O|  |TAMS 0x00000000c2900000, 0x00000000c2a00000| Untracked 
|  42|0x00000000c2a00000, 0x00000000c2b00000, 0x00000000c2b00000|100%| O|  |TAMS 0x00000000c2a00000, 0x00000000c2b00000| Untracked 
|  43|0x00000000c2b00000, 0x00000000c2c00000, 0x00000000c2c00000|100%| O|  |TAMS 0x00000000c2b00000, 0x00000000c2c00000| Untracked 
|  44|0x00000000c2c00000, 0x00000000c2d00000, 0x00000000c2d00000|100%| O|  |TAMS 0x00000000c2c00000, 0x00000000c2d00000| Untracked 
|  45|0x00000000c2d00000, 0x00000000c2e00000, 0x00000000c2e00000|100%| O|  |TAMS 0x00000000c2d00000, 0x00000000c2e00000| Untracked 
|  46|0x00000000c2e00000, 0x00000000c2f00000, 0x00000000c2f00000|100%| O|  |TAMS 0x00000000c2e00000, 0x00000000c2f00000| Untracked 
|  47|0x00000000c2f00000, 0x00000000c3000000, 0x00000000c3000000|100%| O|  |TAMS 0x00000000c2f00000, 0x00000000c3000000| Untracked 
|  48|0x00000000c3000000, 0x00000000c3100000, 0x00000000c3100000|100%| O|  |TAMS 0x00000000c3000000, 0x00000000c3100000| Untracked 
|  49|0x00000000c3100000, 0x00000000c3200000, 0x00000000c3200000|100%| O|  |TAMS 0x00000000c3100000, 0x00000000c3200000| Untracked 
|  50|0x00000000c3200000, 0x00000000c3300000, 0x00000000c3300000|100%| O|  |TAMS 0x00000000c3200000, 0x00000000c3300000| Untracked 
|  51|0x00000000c3300000, 0x00000000c3400000, 0x00000000c3400000|100%| O|  |TAMS 0x00000000c3300000, 0x00000000c3400000| Untracked 
|  52|0x00000000c3400000, 0x00000000c3500000, 0x00000000c3500000|100%| O|  |TAMS 0x00000000c3400000, 0x00000000c3500000| Untracked 
|  53|0x00000000c3500000, 0x00000000c3600000, 0x00000000c3600000|100%| O|  |TAMS 0x00000000c3500000, 0x00000000c3600000| Untracked 
|  54|0x00000000c3600000, 0x00000000c3700000, 0x00000000c3700000|100%| O|  |TAMS 0x00000000c3600000, 0x00000000c3700000| Untracked 
|  55|0x00000000c3700000, 0x00000000c3800000, 0x00000000c3800000|100%| O|  |TAMS 0x00000000c3700000, 0x00000000c3800000| Untracked 
|  56|0x00000000c3800000, 0x00000000c3900000, 0x00000000c3900000|100%| O|  |TAMS 0x00000000c3800000, 0x00000000c3900000| Untracked 
|  57|0x00000000c3900000, 0x00000000c3a00000, 0x00000000c3a00000|100%| O|  |TAMS 0x00000000c3900000, 0x00000000c3a00000| Untracked 
|  58|0x00000000c3a00000, 0x00000000c3b00000, 0x00000000c3b00000|100%| O|  |TAMS 0x00000000c3a00000, 0x00000000c3b00000| Untracked 
|  59|0x00000000c3b00000, 0x00000000c3c00000, 0x00000000c3c00000|100%| O|  |TAMS 0x00000000c3b00000, 0x00000000c3c00000| Untracked 
|  60|0x00000000c3c00000, 0x00000000c3d00000, 0x00000000c3d00000|100%| O|  |TAMS 0x00000000c3c00000, 0x00000000c3d00000| Untracked 
|  61|0x00000000c3d00000, 0x00000000c3e00000, 0x00000000c3e00000|100%| O|  |TAMS 0x00000000c3d00000, 0x00000000c3e00000| Untracked 
|  62|0x00000000c3e00000, 0x00000000c3f00000, 0x00000000c3f00000|100%| O|  |TAMS 0x00000000c3e00000, 0x00000000c3f00000| Untracked 
|  63|0x00000000c3f00000, 0x00000000c4000000, 0x00000000c4000000|100%| O|  |TAMS 0x00000000c3f00000, 0x00000000c4000000| Untracked 
|  64|0x00000000c4000000, 0x00000000c4100000, 0x00000000c4100000|100%| O|  |TAMS 0x00000000c4000000, 0x00000000c4100000| Untracked 
|  65|0x00000000c4100000, 0x00000000c4200000, 0x00000000c4200000|100%| O|  |TAMS 0x00000000c4100000, 0x00000000c4200000| Untracked 
|  66|0x00000000c4200000, 0x00000000c4300000, 0x00000000c4300000|100%| O|  |TAMS 0x00000000c4200000, 0x00000000c4300000| Untracked 
|  67|0x00000000c4300000, 0x00000000c4400000, 0x00000000c4400000|100%| O|  |TAMS 0x00000000c4300000, 0x00000000c4400000| Untracked 
|  68|0x00000000c4400000, 0x00000000c4500000, 0x00000000c4500000|100%| O|  |TAMS 0x00000000c4400000, 0x00000000c4500000| Untracked 
|  69|0x00000000c4500000, 0x00000000c4600000, 0x00000000c4600000|100%| O|  |TAMS 0x00000000c4500000, 0x00000000c4600000| Untracked 
|  70|0x00000000c4600000, 0x00000000c4700000, 0x00000000c4700000|100%| O|  |TAMS 0x00000000c4600000, 0x00000000c4700000| Untracked 
|  71|0x00000000c4700000, 0x00000000c47cb800, 0x00000000c4800000| 79%| O|  |TAMS 0x00000000c4700000, 0x00000000c47cb800| Untracked 
|  72|0x00000000c4800000, 0x00000000c4800000, 0x00000000c4900000|  0%| F|  |TAMS 0x00000000c4800000, 0x00000000c4800000| Untracked 
|  73|0x00000000c4900000, 0x00000000c4900000, 0x00000000c4a00000|  0%| F|  |TAMS 0x00000000c4900000, 0x00000000c4900000| Untracked 
|  74|0x00000000c4a00000, 0x00000000c4a00000, 0x00000000c4b00000|  0%| F|  |TAMS 0x00000000c4a00000, 0x00000000c4a00000| Untracked 
|  75|0x00000000c4b00000, 0x00000000c4b00000, 0x00000000c4c00000|  0%| F|  |TAMS 0x00000000c4b00000, 0x00000000c4b00000| Untracked 
|  76|0x00000000c4c00000, 0x00000000c4c00000, 0x00000000c4d00000|  0%| F|  |TAMS 0x00000000c4c00000, 0x00000000c4c00000| Untracked 
|  77|0x00000000c4d00000, 0x00000000c4d00000, 0x00000000c4e00000|  0%| F|  |TAMS 0x00000000c4d00000, 0x00000000c4d00000| Untracked 
|  78|0x00000000c4e00000, 0x00000000c4e00000, 0x00000000c4f00000|  0%| F|  |TAMS 0x00000000c4e00000, 0x00000000c4e00000| Untracked 
|  79|0x00000000c4f00000, 0x00000000c4f00000, 0x00000000c5000000|  0%| F|  |TAMS 0x00000000c4f00000, 0x00000000c4f00000| Untracked 
|  80|0x00000000c5000000, 0x00000000c5000000, 0x00000000c5100000|  0%| F|  |TAMS 0x00000000c5000000, 0x00000000c5000000| Untracked 
|  81|0x00000000c5100000, 0x00000000c5100000, 0x00000000c5200000|  0%| F|  |TAMS 0x00000000c5100000, 0x00000000c5100000| Untracked 
|  82|0x00000000c5200000, 0x00000000c5200000, 0x00000000c5300000|  0%| F|  |TAMS 0x00000000c5200000, 0x00000000c5200000| Untracked 
|  83|0x00000000c5300000, 0x00000000c5300000, 0x00000000c5400000|  0%| F|  |TAMS 0x00000000c5300000, 0x00000000c5300000| Untracked 
|  84|0x00000000c5400000, 0x00000000c5400000, 0x00000000c5500000|  0%| F|  |TAMS 0x00000000c5400000, 0x00000000c5400000| Untracked 
|  85|0x00000000c5500000, 0x00000000c5500000, 0x00000000c5600000|  0%| F|  |TAMS 0x00000000c5500000, 0x00000000c5500000| Untracked 
|  86|0x00000000c5600000, 0x00000000c5600000, 0x00000000c5700000|  0%| F|  |TAMS 0x00000000c5600000, 0x00000000c5600000| Untracked 
|  87|0x00000000c5700000, 0x00000000c5700000, 0x00000000c5800000|  0%| F|  |TAMS 0x00000000c5700000, 0x00000000c5700000| Untracked 
|  88|0x00000000c5800000, 0x00000000c5800000, 0x00000000c5900000|  0%| F|  |TAMS 0x00000000c5800000, 0x00000000c5800000| Untracked 
|  89|0x00000000c5900000, 0x00000000c5900000, 0x00000000c5a00000|  0%| F|  |TAMS 0x00000000c5900000, 0x00000000c5900000| Untracked 
|  90|0x00000000c5a00000, 0x00000000c5a00000, 0x00000000c5b00000|  0%| F|  |TAMS 0x00000000c5a00000, 0x00000000c5a00000| Untracked 
|  91|0x00000000c5b00000, 0x00000000c5b00000, 0x00000000c5c00000|  0%| F|  |TAMS 0x00000000c5b00000, 0x00000000c5b00000| Untracked 
|  92|0x00000000c5c00000, 0x00000000c5c00000, 0x00000000c5d00000|  0%| F|  |TAMS 0x00000000c5c00000, 0x00000000c5c00000| Untracked 
|  93|0x00000000c5d00000, 0x00000000c5d00000, 0x00000000c5e00000|  0%| F|  |TAMS 0x00000000c5d00000, 0x00000000c5d00000| Untracked 
|  94|0x00000000c5e00000, 0x00000000c5e00000, 0x00000000c5f00000|  0%| F|  |TAMS 0x00000000c5e00000, 0x00000000c5e00000| Untracked 
|  95|0x00000000c5f00000, 0x00000000c5f00000, 0x00000000c6000000|  0%| F|  |TAMS 0x00000000c5f00000, 0x00000000c5f00000| Untracked 
|  96|0x00000000c6000000, 0x00000000c6000000, 0x00000000c6100000|  0%| F|  |TAMS 0x00000000c6000000, 0x00000000c6000000| Untracked 
|  97|0x00000000c6100000, 0x00000000c6100000, 0x00000000c6200000|  0%| F|  |TAMS 0x00000000c6100000, 0x00000000c6100000| Untracked 
|  98|0x00000000c6200000, 0x00000000c6200000, 0x00000000c6300000|  0%| F|  |TAMS 0x00000000c6200000, 0x00000000c6200000| Untracked 
|  99|0x00000000c6300000, 0x00000000c6300000, 0x00000000c6400000|  0%| F|  |TAMS 0x00000000c6300000, 0x00000000c6300000| Untracked 
| 100|0x00000000c6400000, 0x00000000c6400000, 0x00000000c6500000|  0%| F|  |TAMS 0x00000000c6400000, 0x00000000c6400000| Untracked 
| 101|0x00000000c6500000, 0x00000000c6500000, 0x00000000c6600000|  0%| F|  |TAMS 0x00000000c6500000, 0x00000000c6500000| Untracked 
| 102|0x00000000c6600000, 0x00000000c6600000, 0x00000000c6700000|  0%| F|  |TAMS 0x00000000c6600000, 0x00000000c6600000| Untracked 
| 103|0x00000000c6700000, 0x00000000c6700000, 0x00000000c6800000|  0%| F|  |TAMS 0x00000000c6700000, 0x00000000c6700000| Untracked 
| 104|0x00000000c6800000, 0x00000000c6800000, 0x00000000c6900000|  0%| F|  |TAMS 0x00000000c6800000, 0x00000000c6800000| Untracked 
| 105|0x00000000c6900000, 0x00000000c6900000, 0x00000000c6a00000|  0%| F|  |TAMS 0x00000000c6900000, 0x00000000c6900000| Untracked 
| 106|0x00000000c6a00000, 0x00000000c6a00000, 0x00000000c6b00000|  0%| F|  |TAMS 0x00000000c6a00000, 0x00000000c6a00000| Untracked 
| 107|0x00000000c6b00000, 0x00000000c6b00000, 0x00000000c6c00000|  0%| F|  |TAMS 0x00000000c6b00000, 0x00000000c6b00000| Untracked 
| 108|0x00000000c6c00000, 0x00000000c6c00000, 0x00000000c6d00000|  0%| F|  |TAMS 0x00000000c6c00000, 0x00000000c6c00000| Untracked 
| 109|0x00000000c6d00000, 0x00000000c6df2488, 0x00000000c6e00000| 94%| S|CS|TAMS 0x00000000c6d00000, 0x00000000c6d00000| Complete 
| 110|0x00000000c6e00000, 0x00000000c6f00000, 0x00000000c6f00000|100%| S|CS|TAMS 0x00000000c6e00000, 0x00000000c6e00000| Complete 
| 111|0x00000000c6f00000, 0x00000000c7000000, 0x00000000c7000000|100%| S|CS|TAMS 0x00000000c6f00000, 0x00000000c6f00000| Complete 
| 112|0x00000000c7000000, 0x00000000c7100000, 0x00000000c7100000|100%| S|CS|TAMS 0x00000000c7000000, 0x00000000c7000000| Complete 
| 113|0x00000000c7100000, 0x00000000c7100000, 0x00000000c7200000|  0%| F|  |TAMS 0x00000000c7100000, 0x00000000c7100000| Untracked 
| 114|0x00000000c7200000, 0x00000000c7200000, 0x00000000c7300000|  0%| F|  |TAMS 0x00000000c7200000, 0x00000000c7200000| Untracked 
| 115|0x00000000c7300000, 0x00000000c7300000, 0x00000000c7400000|  0%| F|  |TAMS 0x00000000c7300000, 0x00000000c7300000| Untracked 
| 116|0x00000000c7400000, 0x00000000c7400000, 0x00000000c7500000|  0%| F|  |TAMS 0x00000000c7400000, 0x00000000c7400000| Untracked 
| 117|0x00000000c7500000, 0x00000000c7500000, 0x00000000c7600000|  0%| F|  |TAMS 0x00000000c7500000, 0x00000000c7500000| Untracked 
| 118|0x00000000c7600000, 0x00000000c7600000, 0x00000000c7700000|  0%| F|  |TAMS 0x00000000c7600000, 0x00000000c7600000| Untracked 
| 119|0x00000000c7700000, 0x00000000c7700000, 0x00000000c7800000|  0%| F|  |TAMS 0x00000000c7700000, 0x00000000c7700000| Untracked 
| 120|0x00000000c7800000, 0x00000000c7800000, 0x00000000c7900000|  0%| F|  |TAMS 0x00000000c7800000, 0x00000000c7800000| Untracked 
| 121|0x00000000c7900000, 0x00000000c7900000, 0x00000000c7a00000|  0%| F|  |TAMS 0x00000000c7900000, 0x00000000c7900000| Untracked 
| 122|0x00000000c7a00000, 0x00000000c7a00000, 0x00000000c7b00000|  0%| F|  |TAMS 0x00000000c7a00000, 0x00000000c7a00000| Untracked 
| 123|0x00000000c7b00000, 0x00000000c7b00000, 0x00000000c7c00000|  0%| F|  |TAMS 0x00000000c7b00000, 0x00000000c7b00000| Untracked 
| 124|0x00000000c7c00000, 0x00000000c7c00000, 0x00000000c7d00000|  0%| F|  |TAMS 0x00000000c7c00000, 0x00000000c7c00000| Untracked 
| 125|0x00000000c7d00000, 0x00000000c7d00000, 0x00000000c7e00000|  0%| F|  |TAMS 0x00000000c7d00000, 0x00000000c7d00000| Untracked 
| 126|0x00000000c7e00000, 0x00000000c7e00000, 0x00000000c7f00000|  0%| F|  |TAMS 0x00000000c7e00000, 0x00000000c7e00000| Untracked 
| 127|0x00000000c7f00000, 0x00000000c7f00000, 0x00000000c8000000|  0%| F|  |TAMS 0x00000000c7f00000, 0x00000000c7f00000| Untracked 
| 128|0x00000000c8000000, 0x00000000c8000000, 0x00000000c8100000|  0%| F|  |TAMS 0x00000000c8000000, 0x00000000c8000000| Untracked 
| 129|0x00000000c8100000, 0x00000000c8100000, 0x00000000c8200000|  0%| F|  |TAMS 0x00000000c8100000, 0x00000000c8100000| Untracked 
| 130|0x00000000c8200000, 0x00000000c8200000, 0x00000000c8300000|  0%| F|  |TAMS 0x00000000c8200000, 0x00000000c8200000| Untracked 
| 131|0x00000000c8300000, 0x00000000c8300000, 0x00000000c8400000|  0%| F|  |TAMS 0x00000000c8300000, 0x00000000c8300000| Untracked 
| 132|0x00000000c8400000, 0x00000000c8400000, 0x00000000c8500000|  0%| F|  |TAMS 0x00000000c8400000, 0x00000000c8400000| Untracked 
| 133|0x00000000c8500000, 0x00000000c8500000, 0x00000000c8600000|  0%| F|  |TAMS 0x00000000c8500000, 0x00000000c8500000| Untracked 
| 134|0x00000000c8600000, 0x00000000c8600000, 0x00000000c8700000|  0%| F|  |TAMS 0x00000000c8600000, 0x00000000c8600000| Untracked 
| 135|0x00000000c8700000, 0x00000000c8700000, 0x00000000c8800000|  0%| F|  |TAMS 0x00000000c8700000, 0x00000000c8700000| Untracked 
| 136|0x00000000c8800000, 0x00000000c8800000, 0x00000000c8900000|  0%| F|  |TAMS 0x00000000c8800000, 0x00000000c8800000| Untracked 
| 137|0x00000000c8900000, 0x00000000c8900000, 0x00000000c8a00000|  0%| F|  |TAMS 0x00000000c8900000, 0x00000000c8900000| Untracked 
| 138|0x00000000c8a00000, 0x00000000c8a00000, 0x00000000c8b00000|  0%| F|  |TAMS 0x00000000c8a00000, 0x00000000c8a00000| Untracked 
| 139|0x00000000c8b00000, 0x00000000c8b00000, 0x00000000c8c00000|  0%| F|  |TAMS 0x00000000c8b00000, 0x00000000c8b00000| Untracked 
| 140|0x00000000c8c00000, 0x00000000c8c00000, 0x00000000c8d00000|  0%| F|  |TAMS 0x00000000c8c00000, 0x00000000c8c00000| Untracked 
| 141|0x00000000c8d00000, 0x00000000c8d00000, 0x00000000c8e00000|  0%| F|  |TAMS 0x00000000c8d00000, 0x00000000c8d00000| Untracked 
| 142|0x00000000c8e00000, 0x00000000c8e00000, 0x00000000c8f00000|  0%| F|  |TAMS 0x00000000c8e00000, 0x00000000c8e00000| Untracked 
| 143|0x00000000c8f00000, 0x00000000c8f00000, 0x00000000c9000000|  0%| F|  |TAMS 0x00000000c8f00000, 0x00000000c8f00000| Untracked 
| 144|0x00000000c9000000, 0x00000000c9000000, 0x00000000c9100000|  0%| F|  |TAMS 0x00000000c9000000, 0x00000000c9000000| Untracked 
| 145|0x00000000c9100000, 0x00000000c9100000, 0x00000000c9200000|  0%| F|  |TAMS 0x00000000c9100000, 0x00000000c9100000| Untracked 
| 146|0x00000000c9200000, 0x00000000c9200000, 0x00000000c9300000|  0%| F|  |TAMS 0x00000000c9200000, 0x00000000c9200000| Untracked 
| 147|0x00000000c9300000, 0x00000000c9300000, 0x00000000c9400000|  0%| F|  |TAMS 0x00000000c9300000, 0x00000000c9300000| Untracked 
| 148|0x00000000c9400000, 0x00000000c9400000, 0x00000000c9500000|  0%| F|  |TAMS 0x00000000c9400000, 0x00000000c9400000| Untracked 
| 149|0x00000000c9500000, 0x00000000c9500000, 0x00000000c9600000|  0%| F|  |TAMS 0x00000000c9500000, 0x00000000c9500000| Untracked 
| 150|0x00000000c9600000, 0x00000000c9600000, 0x00000000c9700000|  0%| F|  |TAMS 0x00000000c9600000, 0x00000000c9600000| Untracked 
| 151|0x00000000c9700000, 0x00000000c9700000, 0x00000000c9800000|  0%| F|  |TAMS 0x00000000c9700000, 0x00000000c9700000| Untracked 
| 152|0x00000000c9800000, 0x00000000c9800000, 0x00000000c9900000|  0%| F|  |TAMS 0x00000000c9800000, 0x00000000c9800000| Untracked 
| 153|0x00000000c9900000, 0x00000000c9900000, 0x00000000c9a00000|  0%| F|  |TAMS 0x00000000c9900000, 0x00000000c9900000| Untracked 
| 154|0x00000000c9a00000, 0x00000000c9a00000, 0x00000000c9b00000|  0%| F|  |TAMS 0x00000000c9a00000, 0x00000000c9a00000| Untracked 
| 155|0x00000000c9b00000, 0x00000000c9b00000, 0x00000000c9c00000|  0%| F|  |TAMS 0x00000000c9b00000, 0x00000000c9b00000| Untracked 
| 156|0x00000000c9c00000, 0x00000000c9c00000, 0x00000000c9d00000|  0%| F|  |TAMS 0x00000000c9c00000, 0x00000000c9c00000| Untracked 
| 157|0x00000000c9d00000, 0x00000000c9d00000, 0x00000000c9e00000|  0%| F|  |TAMS 0x00000000c9d00000, 0x00000000c9d00000| Untracked 
| 158|0x00000000c9e00000, 0x00000000c9e00000, 0x00000000c9f00000|  0%| F|  |TAMS 0x00000000c9e00000, 0x00000000c9e00000| Untracked 

Card table byte_map: [0x0000017fafbc0000,0x0000017fafdc0000] _byte_map_base: 0x0000017faf5c0000

Marking Bits (Prev, Next): (CMBitMap*) 0x0000017fa9c70c30, (CMBitMap*) 0x0000017fa9c70bf0
 Prev Bits: [0x0000017fb0fc0000, 0x0000017fb1fc0000)
 Next Bits: [0x0000017faffc0000, 0x0000017fb0fc0000)

Polling page: 0x0000017fa7bd0000

Metaspace:

Usage:
  Non-class:     34.18 MB used.
      Class:      5.03 MB used.
       Both:     39.21 MB used.

Virtual space:
  Non-class space:       64.00 MB reserved,      34.38 MB ( 54%) committed,  1 nodes.
      Class space:        1.00 GB reserved,       5.25 MB ( <1%) committed,  1 nodes.
             Both:        1.06 GB reserved,      39.62 MB (  4%) committed. 

Chunk freelists:
   Non-Class:  13.44 MB
       Class:  10.71 MB
        Both:  24.14 MB

MaxMetaspaceSize: unlimited
CompressedClassSpaceSize: 1.00 GB
Initial GC threshold: 21.00 MB
Current GC threshold: 61.69 MB
CDS: off
MetaspaceReclaimPolicy: balanced
 - commit_granule_bytes: 65536.
 - commit_granule_words: 8192.
 - virtual_space_node_default_size: 8388608.
 - enlarge_chunks_in_place: 1.
 - new_chunks_are_fully_committed: 0.
 - uncommit_free_chunks: 1.
 - use_allocation_guard: 0.
 - handle_deallocations: 1.


Internal statistics:

num_allocs_failed_limit: 8.
num_arena_births: 522.
num_arena_deaths: 0.
num_vsnodes_births: 2.
num_vsnodes_deaths: 0.
num_space_committed: 634.
num_space_uncommitted: 0.
num_chunks_returned_to_freelist: 8.
num_chunks_taken_from_freelist: 1742.
num_chunk_merges: 8.
num_chunk_splits: 1197.
num_chunks_enlarged: 891.
num_inconsistent_stats: 0.

CodeCache: size=49152Kb used=8696Kb max_used=8696Kb free=40455Kb
 bounds [0x0000017fac8b0000, 0x0000017fad130000, 0x0000017faf8b0000]
 total_blobs=4776 nmethods=4221 adapters=481
 compilation: enabled
              stopped_count=0, restarted_count=0
 full_count=0

Compilation events (20 events):
Event: 7.489 Thread 0x0000017fb4d73990 nmethod 4198 0x0000017fad12a890 code [0x0000017fad12aa60, 0x0000017fad12adb8]
Event: 7.489 Thread 0x0000017fb4d73990 4199       1       jdk.internal.module.SystemModuleFinders$SystemModuleReader::findImageLocation (42 bytes)
Event: 7.489 Thread 0x0000017fb4d73990 nmethod 4199 0x0000017fad12af90 code [0x0000017fad12b160, 0x0000017fad12b458]
Event: 7.489 Thread 0x0000017fb4d73990 4189       1       java.util.zip.Inflater$InflaterZStreamRef::<init> (30 bytes)
Event: 7.489 Thread 0x0000017fb4b910c0 nmethod 4212 0x0000017fad12b610 code [0x0000017fad12b800, 0x0000017fad12bd28]
Event: 7.489 Thread 0x0000017fb4b910c0 4188   !   1       jdk.internal.reflect.GeneratedMethodAccessor20::invoke (67 bytes)
Event: 7.489 Thread 0x0000017fb4d73990 nmethod 4189 0x0000017fad12c010 code [0x0000017fad12c1c0, 0x0000017fad12c4b8]
Event: 7.489 Thread 0x0000017fb4d73990 4216       1       jdk.internal.module.SystemModuleFinders$SystemModuleReader$$Lambda$206/0x00000001001d2e60::<init> (10 bytes)
Event: 7.489 Thread 0x0000017fb4b910c0 nmethod 4188 0x0000017fad12c610 code [0x0000017fad12c800, 0x0000017fad12cc38]
Event: 7.489 Thread 0x0000017fb4b910c0 4219       1       nonapi.io.github.classgraph.utils.ProxyingInputStream::<init> (10 bytes)
Event: 7.490 Thread 0x0000017fb4d73990 nmethod 4216 0x0000017fad12cf10 code [0x0000017fad12d0a0, 0x0000017fad12d1b8]
Event: 7.490 Thread 0x0000017fb4d73990 4218       1       io.github.classgraph.ClasspathElementModule$1$1::<init> (16 bytes)
Event: 7.490 Thread 0x0000017fb4b910c0 nmethod 4219 0x0000017fad12d210 code [0x0000017fad12d3a0, 0x0000017fad12d4b8]
Event: 7.490 Thread 0x0000017fb4b910c0 4162       1       jdk.internal.jimage.decompressor.CompressedResourceHeader::getUncompressedSize (5 bytes)
Event: 7.490 Thread 0x0000017fb4b910c0 nmethod 4162 0x0000017fad12d510 code [0x0000017fad12d6a0, 0x0000017fad12d778]
Event: 7.490 Thread 0x0000017fb4b910c0 4220       1       jdk.internal.jimage.decompressor.ZipDecompressor::decompress (10 bytes)
Event: 7.490 Thread 0x0000017fb4d73990 nmethod 4218 0x0000017fad12d810 code [0x0000017fad12d9a0, 0x0000017fad12db78]
Event: 7.490 Thread 0x0000017fb4d73990 4221       1       ch.qos.logback.core.UnsynchronizedAppenderBase::isStarted (5 bytes)
Event: 7.490 Thread 0x0000017fb4b910c0 nmethod 4220 0x0000017fad12dc10 code [0x0000017fad12dda0, 0x0000017fad12de88]
Event: 7.490 Thread 0x0000017fb4d73990 nmethod 4221 0x0000017fad12df10 code [0x0000017fad12e0a0, 0x0000017fad12e178]

GC Heap History (20 events):
Event: 6.648 GC heap after
{Heap after GC invocations=14 (full 0):
 garbage-first heap   total 55296K, used 27979K [0x00000000c0000000, 0x0000000100000000)
  region size 1024K, 3 young (3072K), 3 survivors (3072K)
 Metaspace       used 36434K, committed 36800K, reserved 1114112K
  class space    used 4799K, committed 4992K, reserved 1048576K
}
Event: 6.714 GC heap before
{Heap before GC invocations=14 (full 0):
 garbage-first heap   total 55296K, used 40267K [0x00000000c0000000, 0x0000000100000000)
  region size 1024K, 16 young (16384K), 3 survivors (3072K)
 Metaspace       used 36895K, committed 37376K, reserved 1114112K
  class space    used 4836K, committed 5056K, reserved 1048576K
}
Event: 6.717 GC heap after
{Heap after GC invocations=15 (full 0):
 garbage-first heap   total 55296K, used 30054K [0x00000000c0000000, 0x0000000100000000)
  region size 1024K, 2 young (2048K), 2 survivors (2048K)
 Metaspace       used 36895K, committed 37376K, reserved 1114112K
  class space    used 4836K, committed 5056K, reserved 1048576K
}
Event: 6.775 GC heap before
{Heap before GC invocations=16 (full 0):
 garbage-first heap   total 61440K, used 41318K [0x00000000c0000000, 0x0000000100000000)
  region size 1024K, 13 young (13312K), 2 survivors (2048K)
 Metaspace       used 37050K, committed 37504K, reserved 1114112K
  class space    used 4846K, committed 5056K, reserved 1048576K
}
Event: 6.778 GC heap after
{Heap after GC invocations=17 (full 0):
 garbage-first heap   total 61440K, used 32321K [0x00000000c0000000, 0x0000000100000000)
  region size 1024K, 2 young (2048K), 2 survivors (2048K)
 Metaspace       used 37050K, committed 37504K, reserved 1114112K
  class space    used 4846K, committed 5056K, reserved 1048576K
}
Event: 6.783 GC heap before
{Heap before GC invocations=17 (full 0):
 garbage-first heap   total 61440K, used 33345K [0x00000000c0000000, 0x0000000100000000)
  region size 1024K, 3 young (3072K), 2 survivors (2048K)
 Metaspace       used 37061K, committed 37504K, reserved 1114112K
  class space    used 4848K, committed 5056K, reserved 1048576K
}
Event: 6.785 GC heap after
{Heap after GC invocations=18 (full 0):
 garbage-first heap   total 61440K, used 32549K [0x00000000c0000000, 0x0000000100000000)
  region size 1024K, 1 young (1024K), 1 survivors (1024K)
 Metaspace       used 37061K, committed 37504K, reserved 1114112K
  class space    used 4848K, committed 5056K, reserved 1048576K
}
Event: 6.843 GC heap before
{Heap before GC invocations=18 (full 0):
 garbage-first heap   total 61440K, used 46885K [0x00000000c0000000, 0x0000000100000000)
  region size 1024K, 15 young (15360K), 1 survivors (1024K)
 Metaspace       used 37245K, committed 37696K, reserved 1114112K
  class space    used 4862K, committed 5056K, reserved 1048576K
}
Event: 6.846 GC heap after
{Heap after GC invocations=19 (full 0):
 garbage-first heap   total 61440K, used 34593K [0x00000000c0000000, 0x0000000100000000)
  region size 1024K, 2 young (2048K), 2 survivors (2048K)
 Metaspace       used 37245K, committed 37696K, reserved 1114112K
  class space    used 4862K, committed 5056K, reserved 1048576K
}
Event: 6.914 GC heap before
{Heap before GC invocations=19 (full 0):
 garbage-first heap   total 75776K, used 46881K [0x00000000c0000000, 0x0000000100000000)
  region size 1024K, 15 young (15360K), 2 survivors (2048K)
 Metaspace       used 37571K, committed 38016K, reserved 1114112K
  class space    used 4898K, committed 5120K, reserved 1048576K
}
Event: 6.919 GC heap after
{Heap after GC invocations=20 (full 0):
 garbage-first heap   total 162816K, used 36840K [0x00000000c0000000, 0x0000000100000000)
  region size 1024K, 2 young (2048K), 2 survivors (2048K)
 Metaspace       used 37571K, committed 38016K, reserved 1114112K
  class space    used 4898K, committed 5120K, reserved 1048576K
}
Event: 7.292 GC heap before
{Heap before GC invocations=21 (full 0):
 garbage-first heap   total 162816K, used 112616K [0x00000000c0000000, 0x0000000100000000)
  region size 1024K, 75 young (76800K), 2 survivors (2048K)
 Metaspace       used 39725K, committed 40128K, reserved 1114112K
  class space    used 5090K, committed 5248K, reserved 1048576K
}
Event: 7.311 GC heap after
{Heap after GC invocations=22 (full 0):
 garbage-first heap   total 162816K, used 58988K [0x00000000c0000000, 0x0000000100000000)
  region size 1024K, 10 young (10240K), 10 survivors (10240K)
 Metaspace       used 39725K, committed 40128K, reserved 1114112K
  class space    used 5090K, committed 5248K, reserved 1048576K
}
Event: 7.315 GC heap before
{Heap before GC invocations=22 (full 0):
 garbage-first heap   total 162816K, used 60012K [0x00000000c0000000, 0x0000000100000000)
  region size 1024K, 11 young (11264K), 10 survivors (10240K)
 Metaspace       used 39725K, committed 40128K, reserved 1114112K
  class space    used 5090K, committed 5248K, reserved 1048576K
}
Event: 7.324 GC heap after
{Heap after GC invocations=23 (full 0):
 garbage-first heap   total 162816K, used 60924K [0x00000000c0000000, 0x0000000100000000)
  region size 1024K, 2 young (2048K), 2 survivors (2048K)
 Metaspace       used 39725K, committed 40128K, reserved 1114112K
  class space    used 5090K, committed 5248K, reserved 1048576K
}
Event: 7.421 GC heap before
{Heap before GC invocations=23 (full 0):
 garbage-first heap   total 162816K, used 108028K [0x00000000c0000000, 0x0000000100000000)
  region size 1024K, 48 young (49152K), 2 survivors (2048K)
 Metaspace       used 39957K, committed 40448K, reserved 1114112K
  class space    used 5137K, committed 5376K, reserved 1048576K
}
Event: 7.443 GC heap after
{Heap after GC invocations=24 (full 0):
 garbage-first heap   total 162816K, used 72936K [0x00000000c0000000, 0x0000000100000000)
  region size 1024K, 6 young (6144K), 6 survivors (6144K)
 Metaspace       used 39957K, committed 40448K, reserved 1114112K
  class space    used 5137K, committed 5376K, reserved 1048576K
}
Event: 7.474 GC heap before
{Heap before GC invocations=24 (full 0):
 garbage-first heap   total 162816K, used 111848K [0x00000000c0000000, 0x0000000100000000)
  region size 1024K, 45 young (46080K), 6 survivors (6144K)
 Metaspace       used 40138K, committed 40576K, reserved 1114112K
  class space    used 5149K, committed 5376K, reserved 1048576K
}
Event: 7.478 GC heap after
{Heap after GC invocations=25 (full 0):
 garbage-first heap   total 162816K, used 75554K [0x00000000c0000000, 0x0000000100000000)
  region size 1024K, 2 young (2048K), 2 survivors (2048K)
 Metaspace       used 40138K, committed 40576K, reserved 1114112K
  class space    used 5149K, committed 5376K, reserved 1048576K
}
Event: 7.500 GC heap before
{Heap before GC invocations=25 (full 0):
 garbage-first heap   total 162816K, used 119586K [0x00000000c0000000, 0x0000000100000000)
  region size 1024K, 46 young (47104K), 2 survivors (2048K)
 Metaspace       used 40147K, committed 40576K, reserved 1114112K
  class space    used 5152K, committed 5376K, reserved 1048576K
}

Dll operation events (7 events):
Event: 0.020 Loaded shared library c:\Users\Diego G\.vscode\extensions\redhat.java-1.19.0-win32-x64\jre\17.0.7-win32-x86_64\bin\java.dll
Event: 0.389 Loaded shared library C:\Users\Diego G\.vscode\extensions\redhat.java-1.19.0-win32-x64\jre\17.0.7-win32-x86_64\bin\net.dll
Event: 0.392 Loaded shared library C:\Users\Diego G\.vscode\extensions\redhat.java-1.19.0-win32-x64\jre\17.0.7-win32-x86_64\bin\nio.dll
Event: 0.405 Loaded shared library C:\Users\Diego G\.vscode\extensions\redhat.java-1.19.0-win32-x64\jre\17.0.7-win32-x86_64\bin\zip.dll
Event: 0.675 Loaded shared library C:\Users\Diego G\.vscode\extensions\redhat.java-1.19.0-win32-x64\jre\17.0.7-win32-x86_64\bin\jimage.dll
Event: 5.805 Loaded shared library C:\Users\Diego G\.vscode\extensions\redhat.java-1.19.0-win32-x64\jre\17.0.7-win32-x86_64\bin\management.dll
Event: 5.811 Loaded shared library C:\Users\Diego G\.vscode\extensions\redhat.java-1.19.0-win32-x64\jre\17.0.7-win32-x86_64\bin\management_ext.dll

Deoptimization events (12 events):
Event: 2.781 Thread 0x0000017fa9c31740 DEOPT PACKING pc=0x0000017faccf8e99 sp=0x0000004701ffd210
Event: 2.781 Thread 0x0000017fa9c31740 DEOPT UNPACKING pc=0x0000017fac907143 sp=0x0000004701ffc6f0 mode 3
Event: 6.184 Thread 0x0000017fb92a8ae0 DEOPT PACKING pc=0x0000017facf3b1b5 sp=0x00000047041fecc0
Event: 6.184 Thread 0x0000017fb92a8ae0 DEOPT UNPACKING pc=0x0000017fac907143 sp=0x00000047041fe1d8 mode 3
Event: 6.224 Thread 0x0000017fb96579d0 DEOPT PACKING pc=0x0000017faccfa201 sp=0x0000004703efdbb0
Event: 6.224 Thread 0x0000017fb96579d0 DEOPT UNPACKING pc=0x0000017fac907143 sp=0x0000004703efd040 mode 3
Event: 6.229 Thread 0x0000017fba2129e0 DEOPT PACKING pc=0x0000017faccf7117 sp=0x0000004703fff160
Event: 6.229 Thread 0x0000017fba2129e0 DEOPT UNPACKING pc=0x0000017fac907143 sp=0x0000004703ffe5b8 mode 3
Event: 6.344 Thread 0x0000017fba114bd0 DEOPT PACKING pc=0x0000017facf5bf2b sp=0x00000047044fe8d0
Event: 6.344 Thread 0x0000017fba114bd0 DEOPT UNPACKING pc=0x0000017fac907143 sp=0x00000047044fde18 mode 3
Event: 7.103 Thread 0x0000017fba2129e0 DEOPT PACKING pc=0x0000017facd80cfd sp=0x0000004703ffc120
Event: 7.103 Thread 0x0000017fba2129e0 DEOPT UNPACKING pc=0x0000017fac907143 sp=0x0000004703ffb688 mode 3

Classes unloaded (0 events):
No events

Classes redefined (0 events):
No events

Internal exceptions (20 events):
Event: 6.389 Thread 0x0000017fba112ef0 Exception <a 'sun/nio/fs/WindowsException'{0x00000000c694f788}> (0x00000000c694f788) 
thrown [s\src\hotspot\share\prims\jni.cpp, line 516]
Event: 6.390 Thread 0x0000017fba112ef0 Exception <a 'sun/nio/fs/WindowsException'{0x00000000c6950190}> (0x00000000c6950190) 
thrown [s\src\hotspot\share\prims\jni.cpp, line 516]
Event: 6.390 Thread 0x0000017fba112ef0 Exception <a 'sun/nio/fs/WindowsException'{0x00000000c6950550}> (0x00000000c6950550) 
thrown [s\src\hotspot\share\prims\jni.cpp, line 516]
Event: 6.390 Thread 0x0000017fba112ef0 Exception <a 'sun/nio/fs/WindowsException'{0x00000000c6950f78}> (0x00000000c6950f78) 
thrown [s\src\hotspot\share\prims\jni.cpp, line 516]
Event: 6.390 Thread 0x0000017fba112ef0 Exception <a 'sun/nio/fs/WindowsException'{0x00000000c6951358}> (0x00000000c6951358) 
thrown [s\src\hotspot\share\prims\jni.cpp, line 516]
Event: 6.390 Thread 0x0000017fba112ef0 Exception <a 'sun/nio/fs/WindowsException'{0x00000000c6951d90}> (0x00000000c6951d90) 
thrown [s\src\hotspot\share\prims\jni.cpp, line 516]
Event: 6.390 Thread 0x0000017fba112ef0 Exception <a 'sun/nio/fs/WindowsException'{0x00000000c6952180}> (0x00000000c6952180) 
thrown [s\src\hotspot\share\prims\jni.cpp, line 516]
Event: 6.390 Thread 0x0000017fba112ef0 Exception <a 'sun/nio/fs/WindowsException'{0x00000000c6952bb0}> (0x00000000c6952bb0) 
thrown [s\src\hotspot\share\prims\jni.cpp, line 516]
Event: 6.390 Thread 0x0000017fba112ef0 Exception <a 'sun/nio/fs/WindowsException'{0x00000000c6952fa0}> (0x00000000c6952fa0) 
thrown [s\src\hotspot\share\prims\jni.cpp, line 516]
Event: 6.419 Thread 0x0000017fb96579d0 Exception <a 'java/lang/NoSuchMethodError'{0x00000000c248ee80}: 'int java.lang.invoke.DirectMethodHandle$Holder.invokeStatic(java.lang.Object)'> (0x00000000c248ee80) 
thrown [s\src\hotspot\share\interpreter\linkResolver.cpp, line 759]
Event: 6.419 Thread 0x0000017fb96579d0 Exception <a 'java/lang/NoSuchMethodError'{0x00000000c2492528}: 'int java.lang.invoke.DirectMethodHandle$Holder.invokeStaticInit(java.lang.Object)'> (0x00000000c2492528) 
thrown [s\src\hotspot\share\interpreter\linkResolver.cpp, line 759]
Event: 6.652 Thread 0x0000017fba1150a0 Exception <a 'sun/nio/fs/WindowsException'{0x00000000c7d08110}> (0x00000000c7d08110) 
thrown [s\src\hotspot\share\prims\jni.cpp, line 516]
Event: 6.658 Thread 0x0000017fba112550 Exception <a 'sun/nio/fs/WindowsException'{0x00000000c7df0028}> (0x00000000c7df0028) 
thrown [s\src\hotspot\share\prims\jni.cpp, line 516]
Event: 6.659 Thread 0x0000017fba44d290 Exception <a 'sun/nio/fs/WindowsException'{0x00000000c6b12db8}> (0x00000000c6b12db8) 
thrown [s\src\hotspot\share\prims\jni.cpp, line 516]
Event: 6.660 Thread 0x0000017fba1150a0 Exception <a 'sun/nio/fs/WindowsException'{0x00000000c7dc27a0}> (0x00000000c7dc27a0) 
thrown [s\src\hotspot\share\prims\jni.cpp, line 516]
Event: 6.660 Thread 0x0000017fba113d60 Exception <a 'sun/nio/fs/WindowsException'{0x00000000c7d7abc0}> (0x00000000c7d7abc0) 
thrown [s\src\hotspot\share\prims\jni.cpp, line 516]
Event: 6.660 Thread 0x0000017fba44e100 Exception <a 'sun/nio/fs/WindowsException'{0x00000000c6afa750}> (0x00000000c6afa750) 
thrown [s\src\hotspot\share\prims\jni.cpp, line 516]
Event: 7.145 Thread 0x0000017fba2129e0 Exception <a 'java/lang/NoSuchMethodError'{0x00000000c6a928a8}: 'java.lang.Object java.lang.invoke.Invokers$Holder.invoke_MT(java.lang.Object, java.lang.Object, java.lang.Object)'> (0x00000000c6a928a8) 
thrown [s\src\hotspot\share\interpreter\linkResolver.cpp, line 759]
Event: 7.237 Thread 0x0000017fba2129e0 Exception <a 'java/lang/NoSuchMethodError'{0x00000000c6156230}: 'java.lang.Object java.lang.invoke.DirectMethodHandle$Holder.newInvokeSpecial(java.lang.Object, java.lang.Object, int)'> (0x00000000c6156230) 
thrown [s\src\hotspot\share\interpreter\linkResolver.cpp, line 759]
Event: 7.252 Thread 0x0000017fba44eaa0 Exception <a 'sun/nio/fs/WindowsException'{0x00000000c5d93ea8}> (0x00000000c5d93ea8) 
thrown [s\src\hotspot\share\prims\jni.cpp, line 516]

VM Operations (20 events):
Event: 7.137 Executing VM operation: HandshakeAllThreads done
Event: 7.174 Executing VM operation: HandshakeAllThreads
Event: 7.174 Executing VM operation: HandshakeAllThreads done
Event: 7.292 Executing VM operation: G1CollectForAllocation
Event: 7.311 Executing VM operation: G1CollectForAllocation done
Event: 7.315 Executing VM operation: G1CollectForAllocation
Event: 7.324 Executing VM operation: G1CollectForAllocation done
Event: 7.420 Executing VM operation: G1CollectForAllocation
Event: 7.421 Executing VM operation: G1CollectForAllocation done
Event: 7.421 Executing VM operation: HandshakeAllThreads
Event: 7.421 Executing VM operation: HandshakeAllThreads done
Event: 7.421 Executing VM operation: G1CollectForAllocation
Event: 7.443 Executing VM operation: G1CollectForAllocation done
Event: 7.465 Executing VM operation: G1CollectForAllocation
Event: 7.474 Executing VM operation: G1CollectForAllocation done
Event: 7.474 Executing VM operation: G1CollectForAllocation
Event: 7.478 Executing VM operation: G1CollectForAllocation done
Event: 7.499 Executing VM operation: G1CollectForAllocation
Event: 7.500 Executing VM operation: G1CollectForAllocation done
Event: 7.500 Executing VM operation: G1CollectForAllocation

Events (20 events):
Event: 7.235 loading class java/util/WeakHashMap$HashIterator done
Event: 7.235 loading class java/util/WeakHashMap$EntryIterator done
Event: 7.238 Thread 0x0000017fba44eaa0 Thread added: 0x0000017fba44eaa0
Event: 7.244 loading class java/security/NoSuchAlgorithmException
Event: 7.244 loading class java/security/NoSuchAlgorithmException done
Event: 7.245 loading class sun/security/provider/MD5
Event: 7.245 loading class sun/security/provider/MD5 done
Event: 7.245 loading class sun/security/provider/ByteArrayAccess$LE
Event: 7.245 loading class sun/security/provider/ByteArrayAccess$LE done
Event: 7.335 loading class java/util/concurrent/CompletableFuture$BiRelay
Event: 7.335 loading class java/util/concurrent/CompletableFuture$BiCompletion
Event: 7.335 loading class java/util/concurrent/CompletableFuture$BiCompletion done
Event: 7.335 loading class java/util/concurrent/CompletableFuture$BiRelay done
Event: 7.335 loading class java/util/concurrent/CompletableFuture$CoCompletion
Event: 7.335 loading class java/util/concurrent/CompletableFuture$CoCompletion done
Event: 7.340 Thread 0x0000017fba44f910 Thread added: 0x0000017fba44f910
Event: 7.378 loading class jdk/internal/reflect/UnsafeQualifiedObjectFieldAccessorImpl
Event: 7.378 loading class jdk/internal/reflect/UnsafeQualifiedObjectFieldAccessorImpl done
Event: 7.378 loading class jdk/internal/reflect/UnsafeQualifiedLongFieldAccessorImpl
Event: 7.379 loading class jdk/internal/reflect/UnsafeQualifiedLongFieldAccessorImpl done


Dynamic libraries:
0x00007ff736550000 - 0x00007ff73655e000 	c:\Users\Diego G\.vscode\extensions\redhat.java-1.19.0-win32-x64\jre\17.0.7-win32-x86_64\bin\java.exe
0x00007ff963cd0000 - 0x00007ff963ee4000 	C:\Windows\SYSTEM32\ntdll.dll
0x00007ff961e70000 - 0x00007ff961f32000 	C:\Windows\System32\KERNEL32.DLL
0x00007ff9613b0000 - 0x00007ff961753000 	C:\Windows\System32\KERNELBASE.dll
0x00007ff9610f0000 - 0x00007ff961201000 	C:\Windows\System32\ucrtbase.dll
0x00007ff94d910000 - 0x00007ff94d927000 	c:\Users\Diego G\.vscode\extensions\redhat.java-1.19.0-win32-x64\jre\17.0.7-win32-x86_64\bin\jli.dll
0x00007ff962390000 - 0x00007ff96253b000 	C:\Windows\System32\USER32.dll
0x00007ff961380000 - 0x00007ff9613a6000 	C:\Windows\System32\win32u.dll
0x00007ff959490000 - 0x00007ff9594a9000 	c:\Users\Diego G\.vscode\extensions\redhat.java-1.19.0-win32-x64\jre\17.0.7-win32-x86_64\bin\VCRUNTIME140.dll
0x00007ff9622c0000 - 0x00007ff9622e9000 	C:\Windows\System32\GDI32.dll
0x00007ff961930000 - 0x00007ff961a48000 	C:\Windows\System32\gdi32full.dll
0x00007ff961820000 - 0x00007ff9618ba000 	C:\Windows\System32\msvcp_win.dll
0x00007ff93e4f0000 - 0x00007ff93e77e000 	C:\Windows\WinSxS\amd64_microsoft.windows.common-controls_6595b64144ccf1df_6.0.22621.1635_none_270f70857386168e\COMCTL32.dll
0x00007ff963440000 - 0x00007ff9634e7000 	C:\Windows\System32\msvcrt.dll
0x00007ff961c90000 - 0x00007ff961cc1000 	C:\Windows\System32\IMM32.DLL
0x00007ff95d420000 - 0x00007ff95d42c000 	c:\Users\Diego G\.vscode\extensions\redhat.java-1.19.0-win32-x64\jre\17.0.7-win32-x86_64\bin\vcruntime140_1.dll
0x00007ff945fa0000 - 0x00007ff946031000 	c:\Users\Diego G\.vscode\extensions\redhat.java-1.19.0-win32-x64\jre\17.0.7-win32-x86_64\bin\msvcp140.dll
0x00007ff942d70000 - 0x00007ff9439b8000 	c:\Users\Diego G\.vscode\extensions\redhat.java-1.19.0-win32-x64\jre\17.0.7-win32-x86_64\bin\server\jvm.dll
0x00007ff962ff0000 - 0x00007ff96309e000 	C:\Windows\System32\ADVAPI32.dll
0x00007ff961b80000 - 0x00007ff961c24000 	C:\Windows\System32\sechost.dll
0x00007ff9620a0000 - 0x00007ff9621b7000 	C:\Windows\System32\RPCRT4.dll
0x00007ff931c50000 - 0x00007ff931c59000 	C:\Windows\SYSTEM32\WSOCK32.dll
0x00007ff963740000 - 0x00007ff9637b1000 	C:\Windows\System32\WS2_32.dll
0x00007ff958dc0000 - 0x00007ff958df4000 	C:\Windows\SYSTEM32\WINMM.dll
0x00007ff95a3d0000 - 0x00007ff95a3da000 	C:\Windows\SYSTEM32\VERSION.dll
0x00007ff9601f0000 - 0x00007ff960208000 	C:\Windows\SYSTEM32\kernel.appcore.dll
0x00007ff95c370000 - 0x00007ff95c37a000 	c:\Users\Diego G\.vscode\extensions\redhat.java-1.19.0-win32-x64\jre\17.0.7-win32-x86_64\bin\jimage.dll
0x00007ff95e360000 - 0x00007ff95e58e000 	C:\Windows\SYSTEM32\DBGHELP.DLL
0x00007ff9630b0000 - 0x00007ff963439000 	C:\Windows\System32\combase.dll
0x00007ff962d40000 - 0x00007ff962e17000 	C:\Windows\System32\OLEAUT32.dll
0x00007ff9320c0000 - 0x00007ff9320f2000 	C:\Windows\SYSTEM32\dbgcore.DLL
0x00007ff961a50000 - 0x00007ff961acb000 	C:\Windows\System32\bcryptPrimitives.dll
0x00007ff949dc0000 - 0x00007ff949de5000 	c:\Users\Diego G\.vscode\extensions\redhat.java-1.19.0-win32-x64\jre\17.0.7-win32-x86_64\bin\java.dll
0x00007ff94d890000 - 0x00007ff94d8a8000 	c:\Users\Diego G\.vscode\extensions\redhat.java-1.19.0-win32-x64\jre\17.0.7-win32-x86_64\bin\zip.dll
0x00007ff962540000 - 0x00007ff962d3a000 	C:\Windows\System32\SHELL32.dll
0x00007ff95f0b0000 - 0x00007ff95f97e000 	C:\Windows\SYSTEM32\windows.storage.dll
0x00007ff95ef70000 - 0x00007ff95f0ae000 	C:\Windows\SYSTEM32\wintypes.dll
0x00007ff9621c0000 - 0x00007ff9622b1000 	C:\Windows\System32\SHCORE.dll
0x00007ff961c30000 - 0x00007ff961c8e000 	C:\Windows\System32\shlwapi.dll
0x00007ff961020000 - 0x00007ff961041000 	C:\Windows\SYSTEM32\profapi.dll
0x00007ff949d80000 - 0x00007ff949d99000 	C:\Users\Diego G\.vscode\extensions\redhat.java-1.19.0-win32-x64\jre\17.0.7-win32-x86_64\bin\net.dll
0x00007ff959fb0000 - 0x00007ff95a0e7000 	C:\Windows\SYSTEM32\WINHTTP.dll
0x00007ff960660000 - 0x00007ff9606c9000 	C:\Windows\system32\mswsock.dll
0x00007ff949d20000 - 0x00007ff949d35000 	C:\Users\Diego G\.vscode\extensions\redhat.java-1.19.0-win32-x64\jre\17.0.7-win32-x86_64\bin\nio.dll
0x00007ff9608e0000 - 0x00007ff9608fb000 	C:\Windows\SYSTEM32\CRYPTSP.dll
0x00007ff960160000 - 0x00007ff960195000 	C:\Windows\system32\rsaenh.dll
0x00007ff960740000 - 0x00007ff960768000 	C:\Windows\SYSTEM32\USERENV.dll
0x00007ff960ac0000 - 0x00007ff960ae8000 	C:\Windows\SYSTEM32\bcrypt.dll
0x00007ff960900000 - 0x00007ff96090c000 	C:\Windows\SYSTEM32\CRYPTBASE.dll
0x00007ff95fc50000 - 0x00007ff95fc7d000 	C:\Windows\SYSTEM32\IPHLPAPI.DLL
0x00007ff962fe0000 - 0x00007ff962fe9000 	C:\Windows\System32\NSI.dll
0x00007ff95a300000 - 0x00007ff95a319000 	C:\Windows\SYSTEM32\dhcpcsvc6.DLL
0x00007ff959810000 - 0x00007ff95982f000 	C:\Windows\SYSTEM32\dhcpcsvc.DLL
0x00007ff95fcc0000 - 0x00007ff95fdb3000 	C:\Windows\SYSTEM32\DNSAPI.dll
0x00007ff946740000 - 0x00007ff946749000 	C:\Users\Diego G\.vscode\extensions\redhat.java-1.19.0-win32-x64\jre\17.0.7-win32-x86_64\bin\management.dll
0x00007ff945f20000 - 0x00007ff945f2b000 	C:\Users\Diego G\.vscode\extensions\redhat.java-1.19.0-win32-x64\jre\17.0.7-win32-x86_64\bin\management_ext.dll
0x00007ff963500000 - 0x00007ff963508000 	C:\Windows\System32\PSAPI.DLL

dbghelp: loaded successfully - version: 4.0.5 - missing functions: none
symbol engine: initialized successfully - sym options: 0x614 - pdb path: .;c:\Users\Diego G\.vscode\extensions\redhat.java-1.19.0-win32-x64\jre\17.0.7-win32-x86_64\bin;C:\Windows\SYSTEM32;C:\Windows\WinSxS\amd64_microsoft.windows.common-controls_6595b64144ccf1df_6.0.22621.1635_none_270f70857386168e;c:\Users\Diego G\.vscode\extensions\redhat.java-1.19.0-win32-x64\jre\17.0.7-win32-x86_64\bin\server

VM Arguments:
jvm_args: -XX:+HeapDumpOnOutOfMemoryError -Xmx1024m -Dsts.lsp.client=vscode -Dsts.log.file=/dev/null -XX:TieredStopAtLevel=1 -Xlog:jni+resolve=off -Dspring.config.location=file:c:\Users\Diego G\.vscode\extensions\vmware.vscode-spring-boot-1.46.0\language-server\BOOT-INF\classes\application.properties 
java_command: org.springframework.ide.vscode.boot.app.BootLanguageServerBootApp
java_class_path (initial): c:\Users\Diego G\.vscode\extensions\vmware.vscode-spring-boot-1.46.0\language-server\BOOT-INF\classes;c:\Users\Diego G\.vscode\extensions\vmware.vscode-spring-boot-1.46.0\language-server\BOOT-INF\lib\annotations-24.0.1.jar;c:\Users\Diego G\.vscode\extensions\vmware.vscode-spring-boot-1.46.0\language-server\BOOT-INF\lib\antlr-runtime-3.5.3.jar;c:\Users\Diego G\.vscode\extensions\vmware.vscode-spring-boot-1.46.0\language-server\BOOT-INF\lib\antlr4-4.11.1.jar;c:\Users\Diego G\.vscode\extensions\vmware.vscode-spring-boot-1.46.0\language-server\BOOT-INF\lib\antlr4-runtime-4.11.1.jar;c:\Users\Diego G\.vscode\extensions\vmware.vscode-spring-boot-1.46.0\language-server\BOOT-INF\lib\asm-9.5.jar;c:\Users\Diego G\.vscode\extensions\vmware.vscode-spring-boot-1.46.0\language-server\BOOT-INF\lib\asm-analysis-9.5.jar;c:\Users\Diego G\.vscode\extensions\vmware.vscode-spring-boot-1.46.0\language-server\BOOT-INF\lib\asm-tree-9.5.jar;c:\Users\Diego G\.vscode\extensions\vmware.vscode-spring-boot-1.46.0\language-server\BOOT-INF\lib\asm-util-9.5.jar;c:\Users\Diego G\.vscode\extensions\vmware.vscode-spring-boot-1.46.0\language-server\BOOT-INF\lib\caffeine-3.1.2.jar;c:\Users\Diego G\.vscode\extensions\vmware.vscode-spring-boot-1.46.0\language-server\BOOT-INF\lib\checker-qual-3.12.0.jar;c:\Users\Diego G\.vscode\extensions\vmware.vscode-spring-boot-1.46.0\language-server\BOOT-INF\lib\classgraph-4.8.149.jar;c:\Users\Diego G\.vscode\extensions\vmware.vscode-spring-boot-1.46.0\language-server\BOOT-INF\lib\commons-codec-1.15.jar;c:\Users\Diego G\.vscode\extensions\vmware.vscode-spring-boot-1.46.0\language-server\BOOT-INF\lib\commons-compress-1.23.0.jar;c:\Users\Diego G\.vscode\extensions\vmware.vscode-spring-boot-1.46.0\language-server\BOOT-INF\lib\commons-io-2.4.jar;c:\Users\Diego G\.vscode\extensions\vmware.vscode-spring-boot-1.46.0\language-server\BOOT-INF\lib\commons-java-1.46.0-SNAPSHOT.jar;c:\Users\Diego G\.vscode\extensions\vmware.vscode-spring-boot-1.46.0\lan
Launcher Type: SUN_STANDARD

[Global flags]
     intx CICompilerCount                          = 4                                         {product} {ergonomic}
     uint ConcGCThreads                            = 2                                         {product} {ergonomic}
     uint G1ConcRefinementThreads                  = 8                                         {product} {ergonomic}
   size_t G1HeapRegionSize                         = 1048576                                   {product} {ergonomic}
    uintx GCDrainStackTargetSize                   = 64                                        {product} {ergonomic}
     bool HeapDumpOnOutOfMemoryError               = true                                   {manageable} {command line}
   size_t InitialHeapSize                          = 132120576                                 {product} {ergonomic}
   size_t MarkStackSize                            = 4194304                                   {product} {ergonomic}
   size_t MaxHeapSize                              = 1073741824                                {product} {command line}
   size_t MaxNewSize                               = 643825664                                 {product} {ergonomic}
   size_t MinHeapDeltaBytes                        = 1048576                                   {product} {ergonomic}
   size_t MinHeapSize                              = 8388608                                   {product} {ergonomic}
    uintx NonProfiledCodeHeapSize                  = 0                                      {pd product} {ergonomic}
     bool ProfileInterpreter                       = false                                  {pd product} {command line}
    uintx ProfiledCodeHeapSize                     = 0                                      {pd product} {ergonomic}
   size_t SoftMaxHeapSize                          = 1073741824                             {manageable} {ergonomic}
     intx TieredStopAtLevel                        = 1                                         {product} {command line}
     bool UseCompressedClassPointers               = true                           {product lp64_product} {ergonomic}
     bool UseCompressedOops                        = true                           {product lp64_product} {ergonomic}
     bool UseG1GC                                  = true                                      {product} {ergonomic}
     bool UseLargePagesIndividualAllocation        = false                                  {pd product} {ergonomic}

Logging:
Log output configuration:
 #0: stdout all=warning,jni+resolve=off uptime,level,tags
 #1: stderr all=off uptime,level,tags

Environment Variables:
PATH=C:\Program Files\Common Files\Oracle\Java\javapath;C:\Program Files (x86)\Common Files\Oracle\Java\javapath;C:\Windows\system32;C:\Windows;C:\Windows\System32\Wbem;C:\Windows\System32\WindowsPowerShell\v1.0\;C:\Windows\System32\OpenSSH\;C:\Program Files\NVIDIA Corporation\NVIDIA NvDLISR;C:\Program Files (x86)\NVIDIA Corporation\PhysX\Common;C:\Program Files\Git\cmd;C:\Program Files\PowerShell\7\;C:\Program Files\Cloudflare\Cloudflare WARP\;C:\Users\Diego G\AppData\Local\Programs\Python\Python311\Scripts\;C:\Users\Diego G\AppData\Local\Programs\Python\Python311\;C:\Users\Diego G\AppData\Local\Microsoft\WindowsApps;C:\Users\Diego G\AppData\Local\Programs\Microsoft VS Code\bin;C:\Users\Diego G\AppData\Local\GitHubDesktop\bin
USERNAME=Diego G
OS=Windows_NT
PROCESSOR_IDENTIFIER=Intel64 Family 6 Model 158 Stepping 10, GenuineIntel
TMP=C:\Users\DIEGOG~1\AppData\Local\Temp
TEMP=C:\Users\DIEGOG~1\AppData\Local\Temp



---------------  S Y S T E M  ---------------

OS:
 Windows 11 , 64 bit Build 22621 (10.0.22621.1635)
OS uptime: 0 days 13:01 hours
Hyper-V role detected

CPU: total 8 (initial active 8) (4 cores per cpu, 2 threads per core) family 6 model 158 stepping 10 microcode 0xde, cx8, cmov, fxsr, ht, mmx, 3dnowpref, sse, sse2, sse3, ssse3, sse4.1, sse4.2, popcnt, lzcnt, tsc, tscinvbit, avx, avx2, aes, erms, clmul, bmi1, bmi2, adx, fma, vzeroupper, clflush, clflushopt, hv

Memory: 4k page, system-wide physical 8033M (187M free)
TotalPageFile size 32609M (AvailPageFile size 74M)
current process WorkingSet (physical memory assigned to process): 263M, peak: 263M
current process commit charge ("private bytes"): 305M, peak: 577M

vm_info: OpenJDK 64-Bit Server VM (17.0.7+7) for windows-amd64 JRE (17.0.7+7), built on Apr 18 2023 22:10:42 by "temurin" with MS VC++ 16.7 (VS2019)

END.
